2022-09-25 21:05:20.8361 scene create: Process Process 1590493047601496065 1590493047601496065 0
2022-09-25 21:05:20.9476 server start........................ 1590493047601496065
2022-09-25 21:05:21.2942 scene create: Realm Realm 1 262145 1
2022-09-25 21:05:21.3118 scene create: Gate Gate1 2 262146 1
2022-09-25 21:05:21.3118 scene create: Gate Gate2 3 262147 1
2022-09-25 21:05:21.3118 scene create: Location Location 4 262148 1
2022-09-25 21:05:21.3118 scene create: Map Map1 5 262149 1
2022-09-25 21:05:21.3118 scene create: Map Map2 6 262150 1
2022-09-25 21:05:34.2763 session create: zone: 1 id: 8589934592 1664139934275 
2022-09-25 21:05:34.3321 session create: zone: 0 id: 1 1664139934340 
2022-09-25 21:05:34.3535 session create: zone: 0 id: 8589934592 1664139934353 
2022-09-25 21:05:34.3934 TChannel OnError: 100208 127.0.0.1:11425
2022-09-25 21:05:34.3934 channel dispose: 8589934592 127.0.0.1:11425
2022-09-25 21:05:34.3934 session dispose: 127.0.0.1:11425 zone: 1 id: 8589934592 ErrorCode: 100208, please see ErrorCode.cs! 1664139934398
2022-09-25 21:05:34.3934 session create: zone: 1 id: 8589934592 1664139934399 
2022-09-25 21:05:35.6914 scene create: Map GateMap 1590494078393647105 1590494078393647105 1
2022-09-25 21:05:35.7058 location proxy lock 1482676552289288197, 1590494078393647109 1664139935711
2022-09-25 21:05:35.7228 location lock key: 1482676552289288197 instanceId: 1590494078393647109
2022-09-25 21:05:35.8775 location proxy unlock 1482676552289288197, 1590494078393647143 1664139935879
2022-09-25 21:05:35.8924 location unlock key: 1482676552289288197 instanceId: 1590494078393647109 newInstanceId: 1590494078393647143
2022-09-25 21:05:37.2439 location get key: 1482676552289288197 instanceId: 1590494078393647143
2022-09-25 21:05:37.2799 location proxy lock 1482676552289288197, 1590494078393647143 1664139937279
2022-09-25 21:05:37.2799 location lock key: 1482676552289288197 instanceId: 1590494078393647143
2022-09-25 21:05:37.3375 location proxy unlock 1482676552289288197, 1590494215832600587 1664139937338
2022-09-25 21:05:37.3524 location unlock key: 1482676552289288197 instanceId: 1590494078393647143 newInstanceId: 1590494215832600587
2022-09-25 21:05:38.6186 location get key: 1482676552289288197 instanceId: 1590494215832600587
2022-09-25 21:05:40.3255 TChannel OnError: 100208 127.0.0.1:11427
2022-09-25 21:05:40.3255 channel dispose: 8589934592 127.0.0.1:11427
2022-09-25 21:05:40.3281 session dispose: 127.0.0.1:11427 zone: 1 id: 8589934592 ErrorCode: 100208, please see ErrorCode.cs! 1664139940328
2022-09-25 21:11:57.1391 scene create: Process Process 1590520329233760257 1590520329233760257 0
2022-09-25 21:11:57.2504 server start........................ 1590520329233760257
2022-09-25 21:11:57.5890 scene create: Realm Realm 1 262145 1
2022-09-25 21:11:57.6054 scene create: Gate Gate1 2 262146 1
2022-09-25 21:11:57.6091 scene create: Gate Gate2 3 262147 1
2022-09-25 21:11:57.6091 scene create: Location Location 4 262148 1
2022-09-25 21:11:57.6091 scene create: Map Map1 5 262149 1
2022-09-25 21:11:57.6091 scene create: Map Map2 6 262150 1
2022-09-25 21:11:57.6091 scene create: Account Account 7 262151 1
