2022-10-02 18:49:23.4004 realmDomianScene 没有添加TokenComponent 组件
   at ET.C2R_LoginRealmHandler.Run(Session realmSession, C2R_LoginRealm request, R2C_LoginRealm response, Action reply) in D:\Study\Test\ET-EUI\Server\Hotfix\Demo\Account\Handler\RealmHandler\C2R_LoginRealmHandler.cs:line 26
   at ET.ETAsyncTaskMethodBuilder.Start[TStateMachine](TStateMachine& stateMachine) in D:\Study\Test\ET-EUI\Unity\Assets\ThirdParty\ETTask\AsyncETTaskMethodBuilder.cs:line 57
   at ET.C2R_LoginRealmHandler.Run(Session realmSession, C2R_LoginRealm request, R2C_LoginRealm response, Action reply)
   at ET.AMRpcHandler`2.HandleAsync(Session session, Object message) in D:\Study\Test\ET-EUI\Server\Model\Module\NetworkTCP\AMRpcHandler.cs:line 45
   at ET.ETAsyncTaskMethodBuilder.Start[TStateMachine](TStateMachine& stateMachine) in D:\Study\Test\ET-EUI\Unity\Assets\ThirdParty\ETTask\AsyncETTaskMethodBuilder.cs:line 57
   at ET.AMRpcHandler`2.HandleAsync(Session session, Object message)
   at ET.AMRpcHandler`2.Handle(Session session, Object message) in D:\Study\Test\ET-EUI\Server\Model\Module\NetworkTCP\AMRpcHandler.cs:line 12
   at ET.MessageDispatcherComponentHelper.Handle(MessageDispatcherComponent self, Session session, UInt16 opcode, Object message) in D:\Study\Test\ET-EUI\Unity\Codes\Hotfix\Module\Message\MessageDispatcherComponentSystem.cs:line 90
   at ET.SessionStreamDispatcherServerOuter.DispatchAsync(Session session, UInt16 opcode, Object message) in D:\Study\Test\ET-EUI\Server\Hotfix\Demo\Session\SessionStreamDispatcherServerOuter.cs:line 63
   at ET.ETAsyncTaskMethodBuilder.Start[TStateMachine](TStateMachine& stateMachine) in D:\Study\Test\ET-EUI\Unity\Assets\ThirdParty\ETTask\AsyncETTaskMethodBuilder.cs:line 57
   at ET.SessionStreamDispatcherServerOuter.DispatchAsync(Session session, UInt16 opcode, Object message)
   at ET.SessionStreamDispatcherServerOuter.Dispatch(Session session, MemoryStream memoryStream) in D:\Study\Test\ET-EUI\Server\Hotfix\Demo\Session\SessionStreamDispatcherServerOuter.cs:line 23
   at ET.SessionStreamDispatcherSystem.Dispatch(SessionStreamDispatcher self, Int32 type, Session session, MemoryStream memoryStream) in D:\Study\Test\ET-EUI\Unity\Codes\Hotfix\Module\Message\SessionStreamDispatcherSystem.cs:line 81
   at ET.NetKcpComponentSystem.OnRead(NetKcpComponent self, Int64 channelId, MemoryStream memoryStream) in D:\Study\Test\ET-EUI\Unity\Codes\Hotfix\Module\Message\NetKcpComponentSystem.cs:line 59
   at ET.NetKcpComponentAwake1System.<>c__DisplayClass0_0.<Awake>b__1(Int64 channelId, MemoryStream Memory) in D:\Study\Test\ET-EUI\Unity\Codes\Hotfix\Module\Message\NetKcpComponentSystem.cs:line 31
   at ET.AService.OnRead(Int64 channelId, MemoryStream memoryStream) in D:\Study\Test\ET-EUI\Unity\Assets\Mono\Module\Network\AService.cs:line 53
   at ET.TChannel.OnRead(MemoryStream memoryStream) in D:\Study\Test\ET-EUI\Unity\Assets\Mono\Module\NetworkTCP\TChannel.cs:line 391
   at ET.TChannel.HandleRecv(Object o) in D:\Study\Test\ET-EUI\Unity\Assets\Mono\Module\NetworkTCP\TChannel.cs:line 279
   at ET.TChannel.OnRecvComplete(Object o) in D:\Study\Test\ET-EUI\Unity\Assets\Mono\Module\NetworkTCP\TChannel.cs:line 227
   at ET.TChannel.<>c__DisplayClass10_0.<OnComplete>b__1() in D:\Study\Test\ET-EUI\Unity\Assets\Mono\Module\NetworkTCP\TChannel.cs:line 37
   at ET.ThreadSynchronizationContext.Update() in D:\Study\Test\ET-EUI\Unity\Assets\Mono\Core\ThreadSynchronizationContext.cs:line 34
   at ET.Game.Update() in D:\Study\Test\ET-EUI\Unity\Codes\Model\Core\Entity\Game.cs:line 38
   at ET.Program.Main(String[] args) in D:\Study\Test\ET-EUI\Server\App\Program.cs:line 50

