2022-10-01 19:16:42.8904 scene create: Process Process 1625669310792073217 1625669310792073217 0
2022-10-01 19:16:42.9987 server start........................ 1625669310792073217
2022-10-01 19:16:43.6088 scene create: Realm Realm 1 262145 1
2022-10-01 19:16:43.6357 scene create: Gate Gate1 2 262146 1
2022-10-01 19:16:43.6357 scene create: Gate Gate2 3 262147 1
2022-10-01 19:16:43.6464 scene create: Location Location 4 262148 1
2022-10-01 19:16:43.6464 scene create: Map Map1 5 262149 1
2022-10-01 19:16:43.6464 scene create: Map Map2 6 262150 1
2022-10-01 19:16:43.6464 scene create: Account Account 7 262151 1
2022-10-01 19:16:44.6549 scene create: LoginCenter LoginCenter 8 262152 1
2022-10-01 19:17:47.1294 session create: zone: 1 id: 8589934592 1664651867129 
2022-10-01 19:17:47.2431 session create: zone: 0 id: 1 1664651867243 
2022-10-01 19:17:47.2638 session create: zone: 0 id: 8589934592 1664651867263 
2022-10-01 19:20:24.0919 scene create: Process Process 1625684566515908609 1625684566515908609 0
2022-10-01 19:20:24.1585 server start........................ 1625684566515908609
2022-10-01 19:20:24.5475 scene create: Realm Realm 1 262145 1
2022-10-01 19:20:24.5647 scene create: Gate Gate1 2 262146 1
2022-10-01 19:20:24.5678 scene create: Gate Gate2 3 262147 1
2022-10-01 19:20:24.5678 scene create: Location Location 4 262148 1
2022-10-01 19:20:24.5678 scene create: Map Map1 5 262149 1
2022-10-01 19:20:24.5678 scene create: Map Map2 6 262150 1
2022-10-01 19:20:24.5678 scene create: Account Account 7 262151 1
2022-10-01 19:20:25.2097 scene create: LoginCenter LoginCenter 8 262152 1
2022-10-01 19:20:32.4597 session create: zone: 1 id: 8589934592 1664652032459 
2022-10-01 19:20:32.5575 session create: zone: 0 id: 1 1664652032557 
2022-10-01 19:20:32.5797 session create: zone: 0 id: 8589934592 1664652032579 
2022-10-01 19:27:14.7415 scene create: Process Process 1625712741501370369 1625712741501370369 0
2022-10-01 19:27:14.8352 server start........................ 1625712741501370369
2022-10-01 19:27:15.1153 scene create: Realm Realm 1 262145 1
2022-10-01 19:27:15.1153 scene create: Gate Gate1 2 262146 1
2022-10-01 19:27:15.1153 scene create: Gate Gate2 3 262147 1
2022-10-01 19:27:15.1304 scene create: Location Location 4 262148 1
2022-10-01 19:27:15.1304 scene create: Map Map1 5 262149 1
2022-10-01 19:27:15.1304 scene create: Map Map2 6 262150 1
2022-10-01 19:27:15.1304 scene create: Account Account 7 262151 1
2022-10-01 19:27:15.7994 scene create: LoginCenter LoginCenter 8 262152 1
2022-10-01 19:27:36.9972 session create: zone: 1 id: 8589934592 1664652456997 
2022-10-01 19:27:37.0950 session create: zone: 0 id: 1 1664652457095 
2022-10-01 19:27:37.1019 session create: zone: 0 id: 8589934592 1664652457101 
