2022-10-01 18:56:08.0949 scene create: Process Process 1625584510957780993 1625584510957780993 0
2022-10-01 18:56:08.5206 server start........................ 1625584510957780993
2022-10-01 18:56:09.3261 scene create: Realm Realm 1 262145 1
2022-10-01 18:56:09.3382 scene create: Gate Gate1 2 262146 1
2022-10-01 18:56:09.3382 scene create: Gate Gate2 3 262147 1
2022-10-01 18:56:09.3382 scene create: Location Location 4 262148 1
2022-10-01 18:56:09.3382 scene create: Map Map1 5 262149 1
2022-10-01 18:56:09.3382 scene create: Map Map2 6 262150 1
2022-10-01 18:56:09.3382 scene create: Account Account 7 262151 1
2022-10-01 18:56:10.3601 scene create: LoginCenter LoginCenter 8 262152 1
2022-10-01 18:59:31.8974 scene create: Process Process 1625598461011558401 1625598461011558401 0
2022-10-01 18:59:31.9689 server start........................ 1625598461011558401
2022-10-01 18:59:32.3370 scene create: Realm Realm 1 262145 1
2022-10-01 18:59:32.3594 scene create: Gate Gate1 2 262146 1
2022-10-01 18:59:32.3594 scene create: Gate Gate2 3 262147 1
2022-10-01 18:59:32.3656 scene create: Location Location 4 262148 1
2022-10-01 18:59:32.3656 scene create: Map Map1 5 262149 1
2022-10-01 18:59:32.3656 scene create: Map Map2 6 262150 1
2022-10-01 18:59:32.3656 scene create: Account Account 7 262151 1
2022-10-01 18:59:33.0022 scene create: LoginCenter LoginCenter 8 262152 1
2022-10-01 18:59:40.0771 session create: zone: 1 id: 8589934592 1664650780076 
2022-10-01 18:59:40.2063 session create: zone: 0 id: 1 1664650780206 
2022-10-01 18:59:40.2277 session create: zone: 0 id: 8589934592 1664650780227 
