2022-09-25 22:03:09.1560 scene create: Process Process 1590731435466293249 1590731435466293249 0
2022-09-25 22:03:09.2201 server start........................ 1590731435466293249
2022-09-25 22:04:28.1825 scene create: Process Process 1590736864304955393 1590736864304955393 0
2022-09-25 22:04:28.2565 server start........................ 1590736864304955393
2022-09-25 22:04:28.8704 scene create: Realm Realm 1 262145 1
2022-09-25 22:04:28.8839 scene create: Gate Gate1 2 262146 1
2022-09-25 22:04:28.8839 scene create: Gate Gate2 3 262147 1
2022-09-25 22:04:28.8839 scene create: Location Location 4 262148 1
2022-09-25 22:04:28.8839 scene create: Map Map1 5 262149 1
2022-09-25 22:04:28.8839 scene create: Map Map2 6 262150 1
2022-09-25 22:04:28.8839 scene create: Account Account 7 262151 1
2022-09-25 22:04:33.4805 scene create: Process Process 1590737207902339073 1590737207902339073 0
2022-09-25 22:04:33.5391 server start........................ 1590737207902339073
2022-09-25 22:04:33.8798 scene create: Realm Realm 1 262145 1
2022-09-25 22:04:33.8971 scene create: Gate Gate1 2 262146 1
2022-09-25 22:04:33.8971 scene create: Gate Gate2 3 262147 1
2022-09-25 22:04:33.8971 scene create: Location Location 4 262148 1
2022-09-25 22:04:33.8971 scene create: Map Map1 5 262149 1
2022-09-25 22:04:33.8971 scene create: Map Map2 6 262150 1
2022-09-25 22:04:33.8971 scene create: Account Account 7 262151 1
2022-09-25 22:06:08.2435 scene create: Process Process 1590743736252628993 1590743736252628993 0
2022-09-25 22:06:08.3057 server start........................ 1590743736252628993
2022-09-25 22:06:08.6709 scene create: Realm Realm 1 262145 1
2022-09-25 22:06:08.6862 scene create: Gate Gate1 2 262146 1
2022-09-25 22:06:08.6862 scene create: Gate Gate2 3 262147 1
2022-09-25 22:06:08.6862 scene create: Location Location 4 262148 1
2022-09-25 22:06:08.6862 scene create: Map Map1 5 262149 1
2022-09-25 22:06:08.6862 scene create: Map Map2 6 262150 1
2022-09-25 22:06:08.6862 scene create: Account Account 7 262151 1
2022-09-25 22:06:35.9402 session create: zone: 1 id: 8589934592 1664143595940 
2022-09-25 22:06:38.5478 session create: zone: 1 id: 12884901888 1664143598547 
2022-09-25 22:06:40.9449 channel dispose: 8589934592 127.0.0.1:12312
2022-09-25 22:06:40.9449 session dispose: 127.0.0.1:12312 zone: 1 id: 8589934592 ErrorCode: 0, please see ErrorCode.cs! 1664143600948
2022-09-25 22:06:43.5518 channel dispose: 12884901888 127.0.0.1:12313
2022-09-25 22:06:43.5518 session dispose: 127.0.0.1:12313 zone: 1 id: 12884901888 ErrorCode: 0, please see ErrorCode.cs! 1664143603552
